<?xml version="1.0" encoding="UTF-8"?>
<!-- Generated by org.testng.reporters.JUnitXMLReporter -->
<testsuite ignored="0" hostname="HATI-SDG00096" failures="0" tests="2" name="New_Registration_Encounter_creation_OP_Bill_Search_patient_Add_charges_Final_Bill_Partial_Settlement" time="221.321" errors="0" timestamp="2023-12-08T12:25:34 IST">
  <testcase classname="BillingTest.New_Registration_Encounter_creation_OP_Bill_Search_patient_Add_charges_Final_Bill_Partial_Settlement" name="TC_01_Verify_Login" time="10.317"/>
  <testcase classname="BillingTest.New_Registration_Encounter_creation_OP_Bill_Search_patient_Add_charges_Final_Bill_Partial_Settlement" name="TC_02_New_Registration_Encounter_creation_OP_Bill_Search_patient_Add_charges_Final_Bill_Partial_Settlement" time="204.42"/>
</testsuite> <!-- New_Registration_Encounter_creation_OP_Bill_Search_patient_Add_charges_Final_Bill_Partial_Settlement -->
